<?xml version="1.0" encoding="UTF-8"?>
<!-- Generated by org.testng.reporters.JUnitReportReporter -->
<testsuite skipped="0" hostname="LAPTOP-NUSCDGP7" name="practiseTestNG.MainVStestNGmethod" tests="2" failures="0" timestamp="2021-12-17T13:08:33 IST" time="0.007" errors="0">
  <testcase name="testmethod1" time="0.006" classname="practiseTestNG.MainVStestNGmethod"/>
  <system-out/>
  <testcase name="testmethod2" time="0.001" classname="practiseTestNG.MainVStestNGmethod"/>
  <system-out/>
</testsuite> <!-- practiseTestNG.MainVStestNGmethod -->
