<?xml version="1.0" encoding="UTF-8"?>
<!-- Generated by org.testng.reporters.JUnitReportReporter -->
<testsuite skipped="0" hostname="LAPTOP-NUSCDGP7" name="practiseTestNG.TestNG14" tests="2" failures="0" timestamp="2021-12-20T16:56:58 IST" time="15.978" errors="0">
  <testcase name="openbrowser" time="9.416" classname="practiseTestNG.TestNG14"/>
  <system-out/>
  <testcase name="openbrowser1" time="6.562" classname="practiseTestNG.TestNG14"/>
  <system-out/>
</testsuite> <!-- practiseTestNG.TestNG14 -->
