<?xml version="1.0" encoding="UTF-8"?>
<!-- Generated by org.testng.reporters.JUnitReportReporter -->
<testsuite skipped="0" hostname="LAPTOP-NUSCDGP7" name="practiseTestNG.TestNG7" tests="6" failures="0" timestamp="2021-12-20T14:33:55 IST" time="0.013" errors="0">
  <testcase name="testmethod1" time="0.005" classname="practiseTestNG.TestNG7"/>
  <system-out/>
  <testcase name="testmethod1" time="0.001" classname="practiseTestNG.TestNG7"/>
  <system-out/>
  <testcase name="testmethod2" time="0.002" classname="practiseTestNG.TestNG7"/>
  <system-out/>
  <testcase name="testmethod2" time="0.002" classname="practiseTestNG.TestNG7"/>
  <system-out/>
  <testcase name="testmethod3" time="0.001" classname="practiseTestNG.TestNG7"/>
  <system-out/>
  <testcase name="testmethod3" time="0.002" classname="practiseTestNG.TestNG7"/>
  <system-out/>
</testsuite> <!-- practiseTestNG.TestNG7 -->
