<?xml version="1.0" encoding="UTF-8"?>
<!-- Generated by org.testng.reporters.JUnitReportReporter -->
<testsuite skipped="0" hostname="LAPTOP-NUSCDGP7" name="practiseTestNG.TestNG4" tests="11" failures="0" timestamp="2021-12-13T16:40:39 IST" time="0.014" errors="0">
  <testcase name="testmethod1" time="0.001" classname="practiseTestNG.TestNG4"/>
  <system-out/>
  <testcase name="testmethod1" time="0.001" classname="practiseTestNG.TestNG4"/>
  <system-out/>
  <testcase name="testmethod1" time="0.001" classname="practiseTestNG.TestNG4"/>
  <system-out/>
  <testcase name="testmethod1" time="0.001" classname="practiseTestNG.TestNG4"/>
  <system-out/>
  <testcase name="testmethod1" time="0.000" classname="practiseTestNG.TestNG4"/>
  <system-out/>
  <testcase name="testmethod1" time="0.001" classname="practiseTestNG.TestNG4"/>
  <system-out/>
  <testcase name="testmethod1" time="0.001" classname="practiseTestNG.TestNG4"/>
  <system-out/>
  <testcase name="testmethod1" time="0.001" classname="practiseTestNG.TestNG4"/>
  <system-out/>
  <testcase name="testmethod1" time="0.001" classname="practiseTestNG.TestNG4"/>
  <system-out/>
  <testcase name="testmethod1" time="0.001" classname="practiseTestNG.TestNG4"/>
  <system-out/>
  <testcase name="testmethod1" time="0.005" classname="practiseTestNG.TestNG4"/>
  <system-out/>
</testsuite> <!-- practiseTestNG.TestNG4 -->
