<?xml version="1.0" encoding="UTF-8"?>
<!-- Generated by org.testng.reporters.JUnitReportReporter -->
<testsuite skipped="0" hostname="LAPTOP-NUSCDGP7" name="practiseTestNG.TestNG1" tests="6" failures="0" timestamp="2021-12-13T14:59:58 IST" time="0.009" errors="0">
  <testcase name="testMethod1" time="0.001" classname="practiseTestNG.TestNG1"/>
  <system-out/>
  <testcase name="testMethod1" time="0.000" classname="practiseTestNG.TestNG1"/>
  <system-out/>
  <testcase name="testMethod1" time="0.006" classname="practiseTestNG.TestNG1"/>
  <system-out/>
  <testcase name="testMethod2" time="0.000" classname="practiseTestNG.TestNG1"/>
  <system-out/>
  <testcase name="testMethod2" time="0.001" classname="practiseTestNG.TestNG1"/>
  <system-out/>
  <testcase name="testMethod2" time="0.001" classname="practiseTestNG.TestNG1"/>
  <system-out/>
</testsuite> <!-- practiseTestNG.TestNG1 -->
