<?xml version="1.0" encoding="UTF-8"?>
<!-- Generated by org.testng.reporters.JUnitReportReporter -->
<testsuite skipped="0" hostname="LAPTOP-NUSCDGP7" name="practiseTestNG.TestNG9" tests="4" failures="0" timestamp="2021-12-17T15:10:03 IST" time="0.011" errors="0">
  <testcase name="testmethod1" time="0.006" classname="practiseTestNG.TestNG9"/>
  <system-out/>
  <testcase name="testmethod2" time="0.001" classname="practiseTestNG.TestNG9"/>
  <system-out/>
  <testcase name="testmethod3" time="0.003" classname="practiseTestNG.TestNG9"/>
  <system-out/>
  <testcase name="testmethod4" time="0.001" classname="practiseTestNG.TestNG9"/>
  <system-out/>
</testsuite> <!-- practiseTestNG.TestNG9 -->
