<?xml version="1.0" encoding="UTF-8"?>
<!-- Generated by org.testng.reporters.JUnitReportReporter -->
<testsuite skipped="0" hostname="LAPTOP-NUSCDGP7" name="practiseTestNG.TestNG3" tests="2" failures="0" timestamp="2021-12-13T15:30:25 IST" time="0.005" errors="0">
  <testcase name="testmethod3" time="0.004" classname="practiseTestNG.TestNG3"/>
  <system-out/>
  <testcase name="testmethod3" time="0.001" classname="practiseTestNG.TestNG3"/>
  <system-out/>
</testsuite> <!-- practiseTestNG.TestNG3 -->
