<?xml version="1.0" encoding="UTF-8"?>
<!-- Generated by org.testng.reporters.JUnitReportReporter -->
<testsuite skipped="1" hostname="LAPTOP-NUSCDGP7" name="practiseTestNG.TestNG8" tests="4" failures="0" timestamp="2021-12-15T16:07:01 IST" time="0.007" errors="0">
  <testcase name="testmethod1" time="0.005" classname="practiseTestNG.TestNG8"/>
  <system-out/>
  <testcase name="testmethod2" time="0.001" classname="practiseTestNG.TestNG8"/>
  <system-out/>
  <testcase name="testmethod4" time="0.001" classname="practiseTestNG.TestNG8"/>
  <system-out/>
  <testcase name="testmethod3" classname="practiseTestNG.TestNG8">
    <skipped/>
  </testcase> <!-- testmethod3 -->
  <system-out/>
</testsuite> <!-- practiseTestNG.TestNG8 -->
