<?xml version="1.0" encoding="UTF-8"?>
<!-- Generated by org.testng.reporters.JUnitReportReporter -->
<testsuite skipped="1" hostname="LAPTOP-NUSCDGP7" name="practiseTestNG.TestNG5" tests="1" failures="0" timestamp="2021-12-13T17:03:47 IST" time="0.000" errors="0">
  <testcase name="testmethod" time="0.000" classname="practiseTestNG.TestNG5">
    <skipped/>
  </testcase> <!-- testmethod -->
  <system-out/>
</testsuite> <!-- practiseTestNG.TestNG5 -->
