<?xml version="1.0" encoding="UTF-8"?>
<!-- Generated by org.testng.reporters.JUnitReportReporter -->
<testsuite skipped="0" hostname="LAPTOP-NUSCDGP7" name="practiseTestNG.TestNG6" tests="16" failures="0" timestamp="2021-12-20T14:40:03 IST" time="0.021" errors="0">
  <testcase name="sree1" time="0.001" classname="practiseTestNG.TestNG6"/>
  <system-out/>
  <testcase name="sree1" time="0.001" classname="practiseTestNG.TestNG6"/>
  <system-out/>
  <testcase name="sree1" time="0.005" classname="practiseTestNG.TestNG6"/>
  <system-out/>
  <testcase name="sree1" time="0.001" classname="practiseTestNG.TestNG6"/>
  <system-out/>
  <testcase name="sree2" time="0.001" classname="practiseTestNG.TestNG6"/>
  <system-out/>
  <testcase name="sree2" time="0.001" classname="practiseTestNG.TestNG6"/>
  <system-out/>
  <testcase name="sree2" time="0.001" classname="practiseTestNG.TestNG6"/>
  <system-out/>
  <testcase name="sree2" time="0.001" classname="practiseTestNG.TestNG6"/>
  <system-out/>
  <testcase name="sree3" time="0.001" classname="practiseTestNG.TestNG6"/>
  <system-out/>
  <testcase name="sree3" time="0.001" classname="practiseTestNG.TestNG6"/>
  <system-out/>
  <testcase name="sree3" time="0.001" classname="practiseTestNG.TestNG6"/>
  <system-out/>
  <testcase name="sree3" time="0.001" classname="practiseTestNG.TestNG6"/>
  <system-out/>
  <testcase name="sree4" time="0.001" classname="practiseTestNG.TestNG6"/>
  <system-out/>
  <testcase name="sree4" time="0.001" classname="practiseTestNG.TestNG6"/>
  <system-out/>
  <testcase name="sree4" time="0.002" classname="practiseTestNG.TestNG6"/>
  <system-out/>
  <testcase name="sree4" time="0.001" classname="practiseTestNG.TestNG6"/>
  <system-out/>
</testsuite> <!-- practiseTestNG.TestNG6 -->
